Using pre-set license
Built from '2020.3/release' branch; Version is '2020.3.7f1 (dd97f2c94397) revision 14522354'; Using compiler version '192528614'; Build Type 'Release'
OS: 'Windows 10 Enterprise; OS build 19045.4291; Version 2009; 64bit' Language: 'en' Physical Memory: 32547 MB
BatchMode: 1, IsHumanControllingUs: 0, StartBugReporterOnCrash: 0, Is64bit: 1, IsPro: 0

 COMMAND LINE ARGUMENTS:
C:\Program Files\Unity\Hub\Editor\2020.3.7f1\Editor\Unity.exe
-adb2
-batchMode
-noUpm
-name
AssetImportWorker0
-projectPath
C:/Users/mmkrtumy0001/Desktop/FPS Microgame/FPS-Microgame/FPS Microgame
-logFile
Logs/AssetImportWorker0.log
-srvPort
60517
Successfully changed project path to: C:/Users/mmkrtumy0001/Desktop/FPS Microgame/FPS-Microgame/FPS Microgame
C:/Users/mmkrtumy0001/Desktop/FPS Microgame/FPS-Microgame/FPS Microgame
Using Asset Import Pipeline V2.
Refreshing native plugins compatible for Editor in 36.65 ms, found 0 plugins.
Preloading 0 native plugins for Editor in 0.00 ms.
Initialize engine version: 2020.3.7f1 (dd97f2c94397)
[Subsystems] Discovering subsystems at path C:/Program Files/Unity/Hub/Editor/2020.3.7f1/Editor/Data/Resources/UnitySubsystems
[Subsystems] Discovering subsystems at path C:/Users/mmkrtumy0001/Desktop/FPS Microgame/FPS-Microgame/FPS Microgame/Assets
GfxDevice: creating device client; threaded=0
Direct3D:
    Version:  Direct3D 11.0 [level 11.1]
    Renderer: NVIDIA GeForce GTX 1080 (ID=0x1b80)
    Vendor:   
    VRAM:     8073 MB
    Driver:   31.0.15.4659
Initialize mono
Mono path[0] = 'C:/Program Files/Unity/Hub/Editor/2020.3.7f1/Editor/Data/Managed'
Mono path[1] = 'C:/Program Files/Unity/Hub/Editor/2020.3.7f1/Editor/Data/MonoBleedingEdge/lib/mono/unityjit'
Mono config path = 'C:/Program Files/Unity/Hub/Editor/2020.3.7f1/Editor/Data/MonoBleedingEdge/etc'
Using monoOptions --debugger-agent=transport=dt_socket,embedding=1,server=y,suspend=n,address=127.0.0.1:56936
Begin MonoManager ReloadAssembly
Registering precompiled unity dll's ...
Register platform support module: C:/Program Files/Unity/Hub/Editor/2020.3.7f1/Editor/Data/PlaybackEngines/WindowsStandaloneSupport/UnityEditor.WindowsStandalone.Extensions.dll
Registered in 0.002778 seconds.
Native extension for WindowsStandalone target not found
Refreshing native plugins compatible for Editor in 34.98 ms, found 0 plugins.
Preloading 0 native plugins for Editor in 0.00 ms.
Mono: successfully reloaded assembly
- Completed reload, in  1.075 seconds
Platform modules already initialized, skipping
Registering precompiled user dll's ...
Registered in 0.002399 seconds.
Begin MonoManager ReloadAssembly
Native extension for WindowsStandalone target not found
Refreshing native plugins compatible for Editor in 0.35 ms, found 0 plugins.
Preloading 0 native plugins for Editor in 0.00 ms.
Mono: successfully reloaded assembly
- Completed reload, in  0.759 seconds
Platform modules already initialized, skipping
========================================================================
Worker process is ready to serve import requests
Launched and connected shader compiler UnityShaderCompiler.exe after 0.05 seconds
Refreshing native plugins compatible for Editor in 0.33 ms, found 0 plugins.
Preloading 0 native plugins for Editor in 0.00 ms.
Unloading 1762 Unused Serialized files (Serialized files now loaded: 0)
System memory in use before: 155.2 MB.
System memory in use after: 155.2 MB.

Unloading 11 unused Assets to reduce memory usage. Loaded Objects now: 2208.
Total: 3.419300 ms (FindLiveObjects: 0.268300 ms CreateObjectMapping: 0.118800 ms MarkObjects: 2.873200 ms  DeleteObjects: 0.157200 ms)

========================================================================
Received Import Request.
  path: Assets/FPS/Tutorials
  artifactKey: Guid(2b0dab40fbceaea4f848f8b2fe7bf06a) Importer(815301076,1909f56bfc062723c751e8b465ee728b)
Start importing Assets/FPS/Tutorials using Guid(2b0dab40fbceaea4f848f8b2fe7bf06a) Importer(815301076,1909f56bfc062723c751e8b465ee728b)  -> (artifact id: '5d0f56fffe399a4018b249d339c69136') in 0.014894 seconds
  Import took 0.020810 seconds .

========================================================================
Received Import Request.
  Time since last request: 0.000482 seconds.
  path: Assets/FPS/Tutorials/Tutorials.asset
  artifactKey: Guid(977fb762f450240fd9006b8153a0f534) Importer(815301076,1909f56bfc062723c751e8b465ee728b)
Start importing Assets/FPS/Tutorials/Tutorials.asset using Guid(977fb762f450240fd9006b8153a0f534) Importer(815301076,1909f56bfc062723c751e8b465ee728b)  -> (artifact id: 'a0428a0be3e54b2bd8b864715fe2a5a2') in 0.304017 seconds
  Import took 0.309933 seconds .

========================================================================
Received Import Request.
  Time since last request: 0.000246 seconds.
  path: Assets/FPS/Tutorials/SuperchargeYourGame.png
  artifactKey: Guid(afa0a481d34b02945a505bd18c45ee44) Importer(815301076,1909f56bfc062723c751e8b465ee728b)
Start importing Assets/FPS/Tutorials/SuperchargeYourGame.png using Guid(afa0a481d34b02945a505bd18c45ee44) Importer(815301076,1909f56bfc062723c751e8b465ee728b)  -> (artifact id: '25b25709e7cdd766342d94ace219f3bc') in 0.031634 seconds
  Import took 0.033880 seconds .

========================================================================
Received Import Request.
  Time since last request: 0.000245 seconds.
  path: Assets/FPS/Tutorials/Tutorial Project Settings.asset
  artifactKey: Guid(82ccda3adf0ba49e1ba86e30edff0cc5) Importer(815301076,1909f56bfc062723c751e8b465ee728b)
Start importing Assets/FPS/Tutorials/Tutorial Project Settings.asset using Guid(82ccda3adf0ba49e1ba86e30edff0cc5) Importer(815301076,1909f56bfc062723c751e8b465ee728b) Invalid serialized file header. File: "VirtualArtifacts/Primary/f024b7035a09345e5848e3de8f1b5dcb".

Unknown error occurred while loading 'Library/Artifacts/24/24967fb264fc189332664583d7adc6a6'.

Invalid serialized file header. File: "VirtualArtifacts/Primary/1cc9851f62063cd4ba510d60b2c81bbe".

Unknown error occurred while loading 'Library/Artifacts/4a/4ad7d4e7700dc48c3a99b2b5df38cdf2'.

Invalid serialized file header. File: "VirtualArtifacts/Primary/f024b7035a09345e5848e3de8f1b5dcb".
UnityEngine.StackTraceUtility:ExtractStackTrace ()
UnityEditor.AssetDatabase:LoadAssetAtPath<UnityEngine.UIElements.StyleSheet> (string)
Unity.InteractiveTutorials.TutorialStyles:Apply () (at Library/PackageCache/com.unity.learn.iet-framework@1.2.3/Editor/Models/TutorialStyles.cs:103)
Unity.InteractiveTutorials.TutorialStyles:OnValidate () (at Library/PackageCache/com.unity.learn.iet-framework@1.2.3/Editor/Models/TutorialStyles.cs:94)

[Library/PackageCache/com.unity.learn.iet-framework@1.2.3/Editor/Models/TutorialStyles.cs line 103]

Invalid serialized file header. File: "VirtualArtifacts/Primary/f024b7035a09345e5848e3de8f1b5dcb".
UnityEngine.StackTraceUtility:ExtractStackTrace ()
UnityEditor.AssetDatabase:LoadAssetAtPath<UnityEngine.UIElements.StyleSheet> (string)
Unity.InteractiveTutorials.TutorialStyles:Apply () (at Library/PackageCache/com.unity.learn.iet-framework@1.2.3/Editor/Models/TutorialStyles.cs:103)
Unity.InteractiveTutorials.TutorialStyles:OnValidate () (at Library/PackageCache/com.unity.learn.iet-framework@1.2.3/Editor/Models/TutorialStyles.cs:94)

[Library/PackageCache/com.unity.learn.iet-framework@1.2.3/Editor/Models/TutorialStyles.cs line 103]

Invalid serialized file header. File: "VirtualArtifacts/Primary/1cc9851f62063cd4ba510d60b2c81bbe".
UnityEngine.StackTraceUtility:ExtractStackTrace ()
UnityEditor.AssetDatabase:LoadAssetAtPath<UnityEngine.UIElements.StyleSheet> (string)
Unity.InteractiveTutorials.TutorialStyles:Apply () (at Library/PackageCache/com.unity.learn.iet-framework@1.2.3/Editor/Models/TutorialStyles.cs:107)
Unity.InteractiveTutorials.TutorialStyles:OnValidate () (at Library/PackageCache/com.unity.learn.iet-framework@1.2.3/Editor/Models/TutorialStyles.cs:94)

[Library/PackageCache/com.unity.learn.iet-framework@1.2.3/Editor/Models/TutorialStyles.cs line 107]

Invalid serialized file header. File: "VirtualArtifacts/Primary/1cc9851f62063cd4ba510d60b2c81bbe".
UnityEngine.StackTraceUtility:ExtractStackTrace ()
UnityEditor.AssetDatabase:LoadAssetAtPath<UnityEngine.UIElements.StyleSheet> (string)
Unity.InteractiveTutorials.TutorialStyles:Apply () (at Library/PackageCache/com.unity.learn.iet-framework@1.2.3/Editor/Models/TutorialStyles.cs:107)
Unity.InteractiveTutorials.TutorialStyles:OnValidate () (at Library/PackageCache/com.unity.learn.iet-framework@1.2.3/Editor/Models/TutorialStyles.cs:94)

[Library/PackageCache/com.unity.learn.iet-framework@1.2.3/Editor/Models/TutorialStyles.cs line 107]

Invalid serialized file header. File: "VirtualArtifacts/Primary/f024b7035a09345e5848e3de8f1b5dcb".
UnityEngine.StackTraceUtility:ExtractStackTrace ()
UnityEditor.AssetDatabase:LoadAssetAtPath<UnityEngine.UIElements.StyleSheet> (string)
Unity.InteractiveTutorials.TutorialStyles:Apply () (at Library/PackageCache/com.unity.learn.iet-framework@1.2.3/Editor/Models/TutorialStyles.cs:103)
Unity.InteractiveTutorials.TutorialStyles:OnEnable () (at Library/PackageCache/com.unity.learn.iet-framework@1.2.3/Editor/Models/TutorialStyles.cs:89)

[Library/PackageCache/com.unity.learn.iet-framework@1.2.3/Editor/Models/TutorialStyles.cs line 103]

Invalid serialized file header. File: "VirtualArtifacts/Primary/f024b7035a09345e5848e3de8f1b5dcb".
UnityEngine.StackTraceUtility:ExtractStackTrace ()
UnityEditor.AssetDatabase:LoadAssetAtPath<UnityEngine.UIElements.StyleSheet> (string)
Unity.InteractiveTutorials.TutorialStyles:Apply () (at Library/PackageCache/com.unity.learn.iet-framework@1.2.3/Editor/Models/TutorialStyles.cs:103)
Unity.InteractiveTutorials.TutorialStyles:OnEnable () (at Library/PackageCache/com.unity.learn.iet-framework@1.2.3/Editor/Models/TutorialStyles.cs:89)

[Library/PackageCache/com.unity.learn.iet-framework@1.2.3/Editor/Models/TutorialStyles.cs line 103]

Invalid serialized file header. File: "VirtualArtifacts/Primary/1cc9851f62063cd4ba510d60b2c81bbe".
UnityEngine.StackTraceUtility:ExtractStackTrace ()
UnityEditor.AssetDatabase:LoadAssetAtPath<UnityEngine.UIElements.StyleSheet> (string)
Unity.InteractiveTutorials.TutorialStyles:Apply () (at Library/PackageCache/com.unity.learn.iet-framework@1.2.3/Editor/Models/TutorialStyles.cs:107)
Unity.InteractiveTutorials.TutorialStyles:OnEnable () (at Library/PackageCache/com.unity.learn.iet-framework@1.2.3/Editor/Models/TutorialStyles.cs:89)

[Library/PackageCache/com.unity.learn.iet-framework@1.2.3/Editor/Models/TutorialStyles.cs line 107]

Invalid serialized file header. File: "VirtualArtifacts/Primary/1cc9851f62063cd4ba510d60b2c81bbe".
UnityEngine.StackTraceUtility:ExtractStackTrace ()
UnityEditor.AssetDatabase:LoadAssetAtPath<UnityEngine.UIElements.StyleSheet> (string)
Unity.InteractiveTutorials.TutorialStyles:Apply () (at Library/PackageCache/com.unity.learn.iet-framework@1.2.3/Editor/Models/TutorialStyles.cs:107)
Unity.InteractiveTutorials.TutorialStyles:OnEnable () (at Library/PackageCache/com.unity.learn.iet-framework@1.2.3/Editor/Models/TutorialStyles.cs:89)

[Library/PackageCache/com.unity.learn.iet-framework@1.2.3/Editor/Models/TutorialStyles.cs line 107]

 -> (artifact id: '64c4c5409c6ca99ed1cba3b0727f11dd') in 0.239377 seconds
  Import took 0.244188 seconds .

========================================================================
Received Import Request.
  Time since last request: 0.000265 seconds.
  path: Assets/FPS/Tutorials/TutorialHeader.png
  artifactKey: Guid(5384282a0273144fa9333beb77183cb4) Importer(815301076,1909f56bfc062723c751e8b465ee728b)
Start importing Assets/FPS/Tutorials/TutorialHeader.png using Guid(5384282a0273144fa9333beb77183cb4) Importer(815301076,1909f56bfc062723c751e8b465ee728b)  -> (artifact id: '9d8d6fcbb3dddc9400af190a3694cfae') in 0.009671 seconds
  Import took 0.012221 seconds .

========================================================================
Received Import Request.
  Time since last request: 0.000207 seconds.
  path: Assets/FPS/Tutorials/Pop.aiff
  artifactKey: Guid(93fbb109633e844259ea828442bda0cb) Importer(815301076,1909f56bfc062723c751e8b465ee728b)
Start importing Assets/FPS/Tutorials/Pop.aiff using Guid(93fbb109633e844259ea828442bda0cb) Importer(815301076,1909f56bfc062723c751e8b465ee728b)  -> (artifact id: '5e1eff78191fd35b322c665d1d106702') in 0.045863 seconds
  Import took 0.048453 seconds .

========================================================================
Received Import Request.
  Time since last request: 0.000354 seconds.
  path: Assets/FPS/Tutorials/FPSIcon.png
  artifactKey: Guid(82868597b55b3409093b4fe79d24b26c) Importer(815301076,1909f56bfc062723c751e8b465ee728b)
Start importing Assets/FPS/Tutorials/FPSIcon.png using Guid(82868597b55b3409093b4fe79d24b26c) Importer(815301076,1909f56bfc062723c751e8b465ee728b)  -> (artifact id: '2c0353fb9b664c1666c79541d4e9aecc') in 0.010126 seconds
  Import took 0.013012 seconds .

========================================================================
Received Import Request.
  Time since last request: 0.000203 seconds.
  path: Assets/FPS/Tutorials/DialogHeader_FPS.png
  artifactKey: Guid(6e279173c7e6446bfbf2744726e35598) Importer(815301076,1909f56bfc062723c751e8b465ee728b)
Start importing Assets/FPS/Tutorials/DialogHeader_FPS.png using Guid(6e279173c7e6446bfbf2744726e35598) Importer(815301076,1909f56bfc062723c751e8b465ee728b)  -> (artifact id: '09dcdff78ccca3f6f7ac626f94d65cf4') in 0.021353 seconds
  Import took 0.024071 seconds .

========================================================================
Received Import Request.
  Time since last request: 0.000303 seconds.
  path: Assets/FPS/Tutorials/WelcomeDialog.asset
  artifactKey: Guid(c4fddd74b608848c6871b3b0f762ff1d) Importer(815301076,1909f56bfc062723c751e8b465ee728b)
Start importing Assets/FPS/Tutorials/WelcomeDialog.asset using Guid(c4fddd74b608848c6871b3b0f762ff1d) Importer(815301076,1909f56bfc062723c751e8b465ee728b)  -> (artifact id: '8b9931800f80bf62da6bc0c1a88afd6b') in 0.004067 seconds
  Import took 0.006463 seconds .

========================================================================
Received Import Request.
  Time since last request: 0.000248 seconds.
  path: Assets/FPS/Tutorials/import-asset@2x.png
  artifactKey: Guid(4db00f0358d194313a877344f4ba535c) Importer(815301076,1909f56bfc062723c751e8b465ee728b)
Start importing Assets/FPS/Tutorials/import-asset@2x.png using Guid(4db00f0358d194313a877344f4ba535c) Importer(815301076,1909f56bfc062723c751e8b465ee728b)  -> (artifact id: '24cdf47ce88d328bfa064d3c56fee374') in 0.006967 seconds
  Import took 0.009302 seconds .

========================================================================
Received Import Request.
  Time since last request: 0.000264 seconds.
  path: Assets/FPS/Tutorials/BotIcon.png
  artifactKey: Guid(f6b78880543bf4e91bd85801abd1ab8d) Importer(815301076,1909f56bfc062723c751e8b465ee728b)
Start importing Assets/FPS/Tutorials/BotIcon.png using Guid(f6b78880543bf4e91bd85801abd1ab8d) Importer(815301076,1909f56bfc062723c751e8b465ee728b)  -> (artifact id: '52cde6e16e51a73709ecd4df44c3fd32') in 0.008387 seconds
  Import took 0.011060 seconds .

========================================================================
Received Import Request.
  Time since last request: 0.000219 seconds.
  path: Assets/FPS/Tutorials/TutorialCallbacks.asset
  artifactKey: Guid(98457f12a6e8529488d624978bbbf3eb) Importer(815301076,1909f56bfc062723c751e8b465ee728b)
Start importing Assets/FPS/Tutorials/TutorialCallbacks.asset using Guid(98457f12a6e8529488d624978bbbf3eb) Importer(815301076,1909f56bfc062723c751e8b465ee728b)  -> (artifact id: '53474f96eaacf72c629152672a0ac90b') in 0.034060 seconds
  Import took 0.039896 seconds .

========================================================================
Received Import Request.
  Time since last request: 0.000226 seconds.
  path: Assets/FPS/Tutorials/import-asset@2x.png
  artifactKey: Guid(4db00f0358d194313a877344f4ba535c) Importer(815301076,1909f56bfc062723c751e8b465ee728b)
Start importing Assets/FPS/Tutorials/import-asset@2x.png using Guid(4db00f0358d194313a877344f4ba535c) Importer(815301076,1909f56bfc062723c751e8b465ee728b)  -> (artifact id: '24cdf47ce88d328bfa064d3c56fee374') in 0.005513 seconds
  Import took 0.007969 seconds .

========================================================================
Received Import Request.
  Time since last request: 0.000264 seconds.
  path: Assets/FPS/Tutorials/Unity.FPS.Tutorials.asmdef
  artifactKey: Guid(54b90cb525cf7fd4b8440dd760d63ac4) Importer(815301076,1909f56bfc062723c751e8b465ee728b)
Start importing Assets/FPS/Tutorials/Unity.FPS.Tutorials.asmdef using Guid(54b90cb525cf7fd4b8440dd760d63ac4) Importer(815301076,1909f56bfc062723c751e8b465ee728b)  -> (artifact id: '3f7fafd1cd02f23bd6dc0dd794f1804a') in 0.005315 seconds
  Import took 0.007733 seconds .

========================================================================
Received Import Request.
  Time since last request: 5.068554 seconds.
  path: Assets/FPS/Tutorials/AddARoom
  artifactKey: Guid(52a12e25193ba413f92f765b65a5a393) Importer(815301076,1909f56bfc062723c751e8b465ee728b)
Start importing Assets/FPS/Tutorials/AddARoom using Guid(52a12e25193ba413f92f765b65a5a393) Importer(815301076,1909f56bfc062723c751e8b465ee728b)  -> (artifact id: 'bb61130bd78bdb16b32960f3cf20f2ba') in 0.004062 seconds
  Import took 0.006579 seconds .

========================================================================
Received Import Request.
  Time since last request: 0.322682 seconds.
  path: Assets/FPS/Tutorials/AddARoom/01-Introduction.asset
  artifactKey: Guid(fef67ab638dae4a14a5508ea356cddc1) Importer(815301076,1909f56bfc062723c751e8b465ee728b)
Start importing Assets/FPS/Tutorials/AddARoom/01-Introduction.asset using Guid(fef67ab638dae4a14a5508ea356cddc1) Importer(815301076,1909f56bfc062723c751e8b465ee728b)  -> (artifact id: 'cebcdd87cef0c3883c046edb49c4f0df') in 0.008622 seconds
  Import took 0.011870 seconds .

========================================================================
Received Import Request.
  Time since last request: 0.000269 seconds.
  path: Assets/FPS/Tutorials/AddARoom/04-Try-Hand-Tool.asset
  artifactKey: Guid(08664b222211f4218bcf3356bf7bae3e) Importer(815301076,1909f56bfc062723c751e8b465ee728b)
Start importing Assets/FPS/Tutorials/AddARoom/04-Try-Hand-Tool.asset using Guid(08664b222211f4218bcf3356bf7bae3e) Importer(815301076,1909f56bfc062723c751e8b465ee728b)  -> (artifact id: '21e88bfc3550a449c65a518046fa4712') in 0.012791 seconds
  Import took 0.015284 seconds .

========================================================================
Received Import Request.
  Time since last request: 0.000324 seconds.
  path: Assets/FPS/Tutorials/AddARoom/019-Select-NavMesh.asset
  artifactKey: Guid(77cdde24ac2e841e8b74f2789993afd5) Importer(815301076,1909f56bfc062723c751e8b465ee728b)
Start importing Assets/FPS/Tutorials/AddARoom/019-Select-NavMesh.asset using Guid(77cdde24ac2e841e8b74f2789993afd5) Importer(815301076,1909f56bfc062723c751e8b465ee728b)  -> (artifact id: '2d127ddf864fb651f79223dcc3a3d6a4') in 0.044403 seconds
  Import took 0.048527 seconds .

========================================================================
Received Import Request.
  Time since last request: 0.000244 seconds.
  path: Assets/FPS/Tutorials/AddARoom/06-Zoom-Scene.asset
  artifactKey: Guid(a2e36b4c574d748b99f00191d18a7deb) Importer(815301076,1909f56bfc062723c751e8b465ee728b)
Start importing Assets/FPS/Tutorials/AddARoom/06-Zoom-Scene.asset using Guid(a2e36b4c574d748b99f00191d18a7deb) Importer(815301076,1909f56bfc062723c751e8b465ee728b)  -> (artifact id: '9c35d24e28d3db33de3a8938a6e474e6') in 0.022720 seconds
  Import took 0.025590 seconds .

========================================================================
Received Import Request.
  Time since last request: 0.000181 seconds.
  path: Assets/FPS/Tutorials/AddARoom/WT-Select-Hand-Tool.mov
  artifactKey: Guid(95df4ffa2c72c49f0b90fa2a68c3901b) Importer(815301076,1909f56bfc062723c751e8b465ee728b)
Start importing Assets/FPS/Tutorials/AddARoom/WT-Select-Hand-Tool.mov using Guid(95df4ffa2c72c49f0b90fa2a68c3901b) Importer(815301076,1909f56bfc062723c751e8b465ee728b)  -> (artifact id: '76de318df47985ea3174ae6c4859cf4e') in 0.034486 seconds
  Import took 0.036875 seconds .

========================================================================
Received Import Request.
  Time since last request: 0.000237 seconds.
  path: Assets/FPS/Tutorials/AddARoom/WT-Select-and-Frame.mov
  artifactKey: Guid(391160322e3334e87987cb97f1125c42) Importer(815301076,1909f56bfc062723c751e8b465ee728b)
Start importing Assets/FPS/Tutorials/AddARoom/WT-Select-and-Frame.mov using Guid(391160322e3334e87987cb97f1125c42) Importer(815301076,1909f56bfc062723c751e8b465ee728b)  -> (artifact id: '183b77656280305d5f76d380e46ca0b8') in 0.003158 seconds
  Import took 0.005387 seconds .

========================================================================
Received Import Request.
  Time since last request: 0.000231 seconds.
  path: Assets/FPS/Tutorials/AddARoom/WT-Zoom-Scene.png
  artifactKey: Guid(b4c3d69d5484d4953a19fba2433bd73c) Importer(815301076,1909f56bfc062723c751e8b465ee728b)
Start importing Assets/FPS/Tutorials/AddARoom/WT-Zoom-Scene.png using Guid(b4c3d69d5484d4953a19fba2433bd73c) Importer(815301076,1909f56bfc062723c751e8b465ee728b)  -> (artifact id: 'e2db961f8d5bd544d274e09e8c86d475') in 0.007919 seconds
  Import took 0.010365 seconds .

========================================================================
Received Import Request.
  Time since last request: 0.000274 seconds.
  path: Assets/FPS/Tutorials/AddARoom/13-Spawn-Room.asset
  artifactKey: Guid(f6daaf2178facf14f92f3e4447cc10fb) Importer(815301076,1909f56bfc062723c751e8b465ee728b)
Start importing Assets/FPS/Tutorials/AddARoom/13-Spawn-Room.asset using Guid(f6daaf2178facf14f92f3e4447cc10fb) Importer(815301076,1909f56bfc062723c751e8b465ee728b)  -> (artifact id: '626dc4a97e0436555a38bf4382c49e71') in 0.017744 seconds
  Import took 0.020867 seconds .

========================================================================
Received Import Request.
  Time since last request: 0.000238 seconds.
  path: Assets/FPS/Tutorials/AddARoom/Add-A-Room-Walkthrough.asset
  artifactKey: Guid(97ff54290d4d54a86b2e22ed724ab843) Importer(815301076,1909f56bfc062723c751e8b465ee728b)
Start importing Assets/FPS/Tutorials/AddARoom/Add-A-Room-Walkthrough.asset using Guid(97ff54290d4d54a86b2e22ed724ab843) Importer(815301076,1909f56bfc062723c751e8b465ee728b)  -> (artifact id: '6b4c2c2135d92d2a500f921f98d84bf9') in 0.223983 seconds
  Import took 0.229538 seconds .

========================================================================
Received Import Request.
  Time since last request: 0.000301 seconds.
  path: Assets/FPS/Tutorials/AddARoom/071-Select-Object.asset
  artifactKey: Guid(0a6c7076c7acf404bb939f4e7e80d646) Importer(815301076,1909f56bfc062723c751e8b465ee728b)
Start importing Assets/FPS/Tutorials/AddARoom/071-Select-Object.asset using Guid(0a6c7076c7acf404bb939f4e7e80d646) Importer(815301076,1909f56bfc062723c751e8b465ee728b)  -> (artifact id: '5a33b7b8cf153707b2ebd6c40944bb94') in 0.013796 seconds
  Import took 0.016303 seconds .

========================================================================
Received Import Request.
  Time since last request: 0.000232 seconds.
  path: Assets/FPS/Tutorials/AddARoom/05-Orbit-Scene.asset
  artifactKey: Guid(f16e81aa0b771435bbff4b88af6cc7ff) Importer(815301076,1909f56bfc062723c751e8b465ee728b)
Start importing Assets/FPS/Tutorials/AddARoom/05-Orbit-Scene.asset using Guid(f16e81aa0b771435bbff4b88af6cc7ff) Importer(815301076,1909f56bfc062723c751e8b465ee728b)  -> (artifact id: '1638cb5b8cdfd234eb3a6be9d12b4296') in 0.009994 seconds
  Import took 0.012783 seconds .

========================================================================
Received Import Request.
  Time since last request: 0.000212 seconds.
  path: Assets/FPS/Tutorials/AddARoom/WT-Orbit-Hand-Tool.mov
  artifactKey: Guid(01ce4eaa9face4b46b9bdb9399032dcb) Importer(815301076,1909f56bfc062723c751e8b465ee728b)
Start importing Assets/FPS/Tutorials/AddARoom/WT-Orbit-Hand-Tool.mov using Guid(01ce4eaa9face4b46b9bdb9399032dcb) Importer(815301076,1909f56bfc062723c751e8b465ee728b)  -> (artifact id: '979977cf098d47c3f57e532a323b325b') in 0.003834 seconds
  Import took 0.007069 seconds .

========================================================================
Received Import Request.
  Time since last request: 0.000222 seconds.
  path: Assets/FPS/Tutorials/AddARoom/WT-Select-Move.mov
  artifactKey: Guid(7f27d4cc5c17343afa860cfaf9ffeb29) Importer(815301076,1909f56bfc062723c751e8b465ee728b)
Start importing Assets/FPS/Tutorials/AddARoom/WT-Select-Move.mov using Guid(7f27d4cc5c17343afa860cfaf9ffeb29) Importer(815301076,1909f56bfc062723c751e8b465ee728b)  -> (artifact id: '29fba97f54d42ea29345d1727ce0fa84') in 0.004277 seconds
  Import took 0.007432 seconds .

========================================================================
Received Import Request.
  Time since last request: 0.000261 seconds.
  path: Assets/FPS/Tutorials/AddARoom/50-Project-Window.asset
  artifactKey: Guid(1412dffa60f2b49ca800527d3e14db38) Importer(815301076,1909f56bfc062723c751e8b465ee728b)
Start importing Assets/FPS/Tutorials/AddARoom/50-Project-Window.asset using Guid(1412dffa60f2b49ca800527d3e14db38) Importer(815301076,1909f56bfc062723c751e8b465ee728b)  -> (artifact id: '4cdf30e0a26f74c3a35a5888ed4650b1') in 0.006626 seconds
  Import took 0.009073 seconds .

========================================================================
Received Import Request.
  Time since last request: 0.000245 seconds.
  path: Assets/FPS/Tutorials/AddARoom/60-Done.asset
  artifactKey: Guid(e3dc744887c6e4362a59a5f0c10b2035) Importer(815301076,1909f56bfc062723c751e8b465ee728b)
Start importing Assets/FPS/Tutorials/AddARoom/60-Done.asset using Guid(e3dc744887c6e4362a59a5f0c10b2035) Importer(815301076,1909f56bfc062723c751e8b465ee728b)  -> (artifact id: 'a17e5b2777fa8185cfdabe25a5469d36') in 0.228985 seconds
  Import took 0.233966 seconds .

========================================================================
Received Import Request.
  Time since last request: 0.000273 seconds.
  path: Assets/FPS/Tutorials/AddARoom/WT-Project-Window.png
  artifactKey: Guid(ea9d8d0cfa14342e88e692cb7b8a2ed8) Importer(815301076,1909f56bfc062723c751e8b465ee728b)
Start importing Assets/FPS/Tutorials/AddARoom/WT-Project-Window.png using Guid(ea9d8d0cfa14342e88e692cb7b8a2ed8) Importer(815301076,1909f56bfc062723c751e8b465ee728b)  -> (artifact id: '3cef33ca65fb7b6bf3f23935d3e5e0a3') in 0.007172 seconds
  Import took 0.009665 seconds .

========================================================================
Received Import Request.
  Time since last request: 0.000165 seconds.
  path: Assets/FPS/Tutorials/AddARoom/03-Hand-Tool.asset
  artifactKey: Guid(900124fb13aba4ef4bf556c0f782d127) Importer(815301076,1909f56bfc062723c751e8b465ee728b)
Start importing Assets/FPS/Tutorials/AddARoom/03-Hand-Tool.asset using Guid(900124fb13aba4ef4bf556c0f782d127) Importer(815301076,1909f56bfc062723c751e8b465ee728b)  -> (artifact id: 'e2902368e4f8fccede898a13181aa2ae') in 0.046680 seconds
  Import took 0.051098 seconds .

========================================================================
Received Import Request.
  Time since last request: 0.000229 seconds.
  path: Assets/FPS/Tutorials/AddARoom/072-Frame-Object.asset
  artifactKey: Guid(f803fb494aa6d4a9c84a6c9a07569d6a) Importer(815301076,1909f56bfc062723c751e8b465ee728b)
Start importing Assets/FPS/Tutorials/AddARoom/072-Frame-Object.asset using Guid(f803fb494aa6d4a9c84a6c9a07569d6a) Importer(815301076,1909f56bfc062723c751e8b465ee728b)  -> (artifact id: '87f4322ac23a6ac2829b537869d49f99') in 0.015319 seconds
  Import took 0.018567 seconds .

========================================================================
Received Import Request.
  Time since last request: 0.000183 seconds.
  path: Assets/FPS/Tutorials/AddARoom/08.asset
  artifactKey: Guid(894f5e0cc670c46f687629af79655cc4) Importer(815301076,1909f56bfc062723c751e8b465ee728b)
Start importing Assets/FPS/Tutorials/AddARoom/08.asset using Guid(894f5e0cc670c46f687629af79655cc4) Importer(815301076,1909f56bfc062723c751e8b465ee728b)  -> (artifact id: '7fc02bbaa24b9b0feb004c90900d91df') in 0.009156 seconds
  Import took 0.012202 seconds .

========================================================================
Received Import Request.
  Time since last request: 0.000200 seconds.
  path: Assets/FPS/Tutorials/AddARoom/WT-Bake.png
  artifactKey: Guid(04ad4882689a148358ac29d94d99a7ea) Importer(815301076,1909f56bfc062723c751e8b465ee728b)
Start importing Assets/FPS/Tutorials/AddARoom/WT-Bake.png using Guid(04ad4882689a148358ac29d94d99a7ea) Importer(815301076,1909f56bfc062723c751e8b465ee728b)  -> (artifact id: 'b116e727b0ddaf38ef7169a009e9dbd8') in 0.007647 seconds
  Import took 0.010622 seconds .

========================================================================
Received Import Request.
  Time since last request: 0.000234 seconds.
  path: Assets/FPS/Tutorials/AddARoom/WT-Move-Object.mov
  artifactKey: Guid(92f8eeda406144c4080f5a1e1d0c7ccd) Importer(815301076,1909f56bfc062723c751e8b465ee728b)
Start importing Assets/FPS/Tutorials/AddARoom/WT-Move-Object.mov using Guid(92f8eeda406144c4080f5a1e1d0c7ccd) Importer(815301076,1909f56bfc062723c751e8b465ee728b)  -> (artifact id: '3bcce3692bb11cf3525f4d7975d877af') in 0.004165 seconds
  Import took 0.007480 seconds .

========================================================================
Received Import Request.
  Time since last request: 0.000217 seconds.
  path: Assets/FPS/Tutorials/AddARoom/020-Bake-NavMesh.asset
  artifactKey: Guid(3d8ca14fc50c9694b97ce9d032087faf) Importer(815301076,1909f56bfc062723c751e8b465ee728b)
Start importing Assets/FPS/Tutorials/AddARoom/020-Bake-NavMesh.asset using Guid(3d8ca14fc50c9694b97ce9d032087faf) Importer(815301076,1909f56bfc062723c751e8b465ee728b)  -> (artifact id: 'd650d2c7edff22cef83624434dc198c3') in 0.042446 seconds
  Import took 0.047259 seconds .

========================================================================
Received Import Request.
  Time since last request: 0.000280 seconds.
  path: Assets/FPS/Tutorials/AddARoom/18-Move-Object.asset
  artifactKey: Guid(c323247eb512d4591a20a443736c7123) Importer(815301076,1909f56bfc062723c751e8b465ee728b)
Start importing Assets/FPS/Tutorials/AddARoom/18-Move-Object.asset using Guid(c323247eb512d4591a20a443736c7123) Importer(815301076,1909f56bfc062723c751e8b465ee728b)  -> (artifact id: '2a7dccedd86015f18df6ae55397f40a3') in 0.043552 seconds
  Import took 0.048019 seconds .

========================================================================
Received Import Request.
  Time since last request: 0.000269 seconds.
  path: Assets/FPS/Tutorials/AddARoom/17-Select-Move.asset
  artifactKey: Guid(c83a4ddcf9c7a489cb25b31f69c78791) Importer(815301076,1909f56bfc062723c751e8b465ee728b)
Start importing Assets/FPS/Tutorials/AddARoom/17-Select-Move.asset using Guid(c83a4ddcf9c7a489cb25b31f69c78791) Importer(815301076,1909f56bfc062723c751e8b465ee728b)  -> (artifact id: '0f4ab40348bdc1a1a84112a863b75eb9') in 0.041179 seconds
  Import took 0.045578 seconds .

========================================================================
Received Import Request.
  Time since last request: 0.000269 seconds.
  path: Assets/FPS/Tutorials/AddARoom/WT-Pan-Hand-Tool.mov
  artifactKey: Guid(ada8f9a94a5564996b8ceae06318bae7) Importer(815301076,1909f56bfc062723c751e8b465ee728b)
Start importing Assets/FPS/Tutorials/AddARoom/WT-Pan-Hand-Tool.mov using Guid(ada8f9a94a5564996b8ceae06318bae7) Importer(815301076,1909f56bfc062723c751e8b465ee728b)  -> (artifact id: '5d913a1ccfc65f2cf5b7eccf1524d9a6') in 0.003368 seconds
  Import took 0.005723 seconds .

========================================================================
Received Import Request.
  Time since last request: 0.000264 seconds.
  path: Assets/FPS/Tutorials/AddARoom/09.asset
  artifactKey: Guid(d72f5b10e2e20420183526971d1a0afe) Importer(815301076,1909f56bfc062723c751e8b465ee728b)
Start importing Assets/FPS/Tutorials/AddARoom/09.asset using Guid(d72f5b10e2e20420183526971d1a0afe) Importer(815301076,1909f56bfc062723c751e8b465ee728b)  -> (artifact id: 'bb6559d58d15ef7b455371f9b5ba476b') in 0.014962 seconds
  Import took 0.017840 seconds .

========================================================================
Received Import Request.
  Time since last request: 0.000284 seconds.
  path: Assets/FPS/Tutorials/AddARoom/WT-Hierarchy-and-Scene.png
  artifactKey: Guid(f3a64c50e0c284cf99bce0ae27d5a8c0) Importer(815301076,1909f56bfc062723c751e8b465ee728b)
Start importing Assets/FPS/Tutorials/AddARoom/WT-Hierarchy-and-Scene.png using Guid(f3a64c50e0c284cf99bce0ae27d5a8c0) Importer(815301076,1909f56bfc062723c751e8b465ee728b)  -> (artifact id: 'a72e5618db26e30f04bccd72188aa879') in 0.007490 seconds
  Import took 0.010127 seconds .

========================================================================
Received Import Request.
  Time since last request: 23.760735 seconds.
  path: Assets/FPS/Tutorials/AddAnAsset
  artifactKey: Guid(b86eefd0836ee4abd87954aec66dff18) Importer(815301076,1909f56bfc062723c751e8b465ee728b)
Start importing Assets/FPS/Tutorials/AddAnAsset using Guid(b86eefd0836ee4abd87954aec66dff18) Importer(815301076,1909f56bfc062723c751e8b465ee728b)  -> (artifact id: '5712228b077e2d7d7a080e39c22851df') in 0.005603 seconds
  Import took 0.008821 seconds .

========================================================================
Received Import Request.
  Time since last request: 0.070878 seconds.
  path: Assets/FPS/Tutorials/AddAnAsset/AddAnAsset-01.asset
  artifactKey: Guid(dc9b1b1cb98344f3780ba96d4f32c225) Importer(815301076,1909f56bfc062723c751e8b465ee728b)
Start importing Assets/FPS/Tutorials/AddAnAsset/AddAnAsset-01.asset using Guid(dc9b1b1cb98344f3780ba96d4f32c225) Importer(815301076,1909f56bfc062723c751e8b465ee728b)  -> (artifact id: 'aeeb120a2f7324cca282d10fdbac86d0') in 0.007650 seconds
  Import took 0.010272 seconds .

========================================================================
Received Import Request.
  Time since last request: 0.000250 seconds.
  path: Assets/FPS/Tutorials/AddAnAsset/AddAnAsset-15.asset
  artifactKey: Guid(51c83f6dc57d24cd896b1902b96e3423) Importer(815301076,1909f56bfc062723c751e8b465ee728b)
Start importing Assets/FPS/Tutorials/AddAnAsset/AddAnAsset-15.asset using Guid(51c83f6dc57d24cd896b1902b96e3423) Importer(815301076,1909f56bfc062723c751e8b465ee728b)  -> (artifact id: '50ce616574a6bd71c3d9f3d151f2136e') in 0.009800 seconds
  Import took 0.012306 seconds .

========================================================================
Received Import Request.
  Time since last request: 0.000251 seconds.
  path: Assets/FPS/Tutorials/AddAnAsset/AddAnAsset-05.asset
  artifactKey: Guid(862f95f45e82040848d3f1902bab01ef) Importer(815301076,1909f56bfc062723c751e8b465ee728b)
Start importing Assets/FPS/Tutorials/AddAnAsset/AddAnAsset-05.asset using Guid(862f95f45e82040848d3f1902bab01ef) Importer(815301076,1909f56bfc062723c751e8b465ee728b)  -> (artifact id: 'a6e2b9e5905db0151546f848dde1e831') in 0.004995 seconds
  Import took 0.007539 seconds .

========================================================================
Received Import Request.
  Time since last request: 0.000280 seconds.
  path: Assets/FPS/Tutorials/AddAnAsset/AddAnAsset-10.asset
  artifactKey: Guid(7cb92544831784d40a29f2971a6b3a85) Importer(815301076,1909f56bfc062723c751e8b465ee728b)
Start importing Assets/FPS/Tutorials/AddAnAsset/AddAnAsset-10.asset using Guid(7cb92544831784d40a29f2971a6b3a85) Importer(815301076,1909f56bfc062723c751e8b465ee728b)  -> (artifact id: 'a5a829ee83566500ffab5967a613745b') in 0.005572 seconds
  Import took 0.008151 seconds .

========================================================================
Received Import Request.
  Time since last request: 0.000276 seconds.
  path: Assets/FPS/Tutorials/AddAnAsset/AddAnAsset-20.asset
  artifactKey: Guid(8a93ee0c94a814402ad6f0b5bc9ec44c) Importer(815301076,1909f56bfc062723c751e8b465ee728b)
Start importing Assets/FPS/Tutorials/AddAnAsset/AddAnAsset-20.asset using Guid(8a93ee0c94a814402ad6f0b5bc9ec44c) Importer(815301076,1909f56bfc062723c751e8b465ee728b)  -> (artifact id: '86e9cc3710b26072e57feed532fef473') in 0.225005 seconds
  Import took 0.230236 seconds .

========================================================================
Received Import Request.
  Time since last request: 0.000273 seconds.
  path: Assets/FPS/Tutorials/AddAnAsset/AddAnAsset-10.asset
  artifactKey: Guid(7cb92544831784d40a29f2971a6b3a85) Importer(815301076,1909f56bfc062723c751e8b465ee728b)
Start importing Assets/FPS/Tutorials/AddAnAsset/AddAnAsset-10.asset using Guid(7cb92544831784d40a29f2971a6b3a85) Importer(815301076,1909f56bfc062723c751e8b465ee728b)  -> (artifact id: 'a5a829ee83566500ffab5967a613745b') in 0.004543 seconds
  Import took 0.007016 seconds .

========================================================================
Received Import Request.
  Time since last request: 0.000276 seconds.
  path: Assets/FPS/Tutorials/AddAnAsset/AddAnAsset-Walkthrough.asset
  artifactKey: Guid(acc3795cfd9ef4206836da4a1d377627) Importer(815301076,1909f56bfc062723c751e8b465ee728b)
Start importing Assets/FPS/Tutorials/AddAnAsset/AddAnAsset-Walkthrough.asset using Guid(acc3795cfd9ef4206836da4a1d377627) Importer(815301076,1909f56bfc062723c751e8b465ee728b)  -> (artifact id: 'd6e8ececf814296e606ee4f8789f257a') in 0.224460 seconds
  Import took 0.229873 seconds .

========================================================================
Received Import Request.
  Time since last request: 122.932783 seconds.
  path: Assets/FPS/Tutorials/BuildAndPublish
  artifactKey: Guid(297bd1e5dcd284d4e8071b56375de5fa) Importer(815301076,1909f56bfc062723c751e8b465ee728b)
Start importing Assets/FPS/Tutorials/BuildAndPublish using Guid(297bd1e5dcd284d4e8071b56375de5fa) Importer(815301076,1909f56bfc062723c751e8b465ee728b)  -> (artifact id: 'd2d56c1810584c1fa4b431adfa393266') in 0.005255 seconds
  Import took 0.008682 seconds .

========================================================================
Received Import Request.
  Time since last request: 0.108418 seconds.
  path: Assets/FPS/Tutorials/BuildAndPublish/Build and Publish.asset
  artifactKey: Guid(c122a1a2efeb58349b8154e42481067b) Importer(815301076,1909f56bfc062723c751e8b465ee728b)
Start importing Assets/FPS/Tutorials/BuildAndPublish/Build and Publish.asset using Guid(c122a1a2efeb58349b8154e42481067b) Importer(815301076,1909f56bfc062723c751e8b465ee728b)  -> (artifact id: 'e7bb08e4b2d511a590d4c851f82a16ae') in 0.244054 seconds
  Import took 0.250870 seconds .

========================================================================
Received Import Request.
  Time since last request: 0.000283 seconds.
  path: Assets/FPS/Tutorials/BuildAndPublish/Walkthrough7-025.asset
  artifactKey: Guid(9903de0d10380094eb753dcdac1f5e68) Importer(815301076,1909f56bfc062723c751e8b465ee728b)
Start importing Assets/FPS/Tutorials/BuildAndPublish/Walkthrough7-025.asset using Guid(9903de0d10380094eb753dcdac1f5e68) Importer(815301076,1909f56bfc062723c751e8b465ee728b)  -> (artifact id: '4867c4fd1217976bea0793bf6124b7aa') in 0.008222 seconds
  Import took 0.010748 seconds .

========================================================================
Received Import Request.
  Time since last request: 0.000278 seconds.
  path: Assets/FPS/Tutorials/BuildAndPublish/Walkthrough7-014.asset
  artifactKey: Guid(eb4604b43980b3740a07722643b2ecbe) Importer(815301076,1909f56bfc062723c751e8b465ee728b)
Start importing Assets/FPS/Tutorials/BuildAndPublish/Walkthrough7-014.asset using Guid(eb4604b43980b3740a07722643b2ecbe) Importer(815301076,1909f56bfc062723c751e8b465ee728b)  -> (artifact id: '7c3375fec4f3c8099b52bdcb23b0693d') in 0.008087 seconds
  Import took 0.010624 seconds .

========================================================================
Received Import Request.
  Time since last request: 0.000234 seconds.
  path: Assets/FPS/Tutorials/BuildAndPublish/WT-Sign-In.png
  artifactKey: Guid(d8622fca6b1897a4282325fd961b7f23) Importer(815301076,1909f56bfc062723c751e8b465ee728b)
Start importing Assets/FPS/Tutorials/BuildAndPublish/WT-Sign-In.png using Guid(d8622fca6b1897a4282325fd961b7f23) Importer(815301076,1909f56bfc062723c751e8b465ee728b)  -> (artifact id: 'c737b49a37abf3c4aa10970767fdabe6') in 0.006861 seconds
  Import took 0.009326 seconds .

========================================================================
Received Import Request.
  Time since last request: 0.000310 seconds.
  path: Assets/FPS/Tutorials/BuildAndPublish/Walkthrough7-020.asset
  artifactKey: Guid(6f964d3cc40f45747aebcf0c57f609ba) Importer(815301076,1909f56bfc062723c751e8b465ee728b)
Start importing Assets/FPS/Tutorials/BuildAndPublish/Walkthrough7-020.asset using Guid(6f964d3cc40f45747aebcf0c57f609ba) Importer(815301076,1909f56bfc062723c751e8b465ee728b)  -> (artifact id: 'eecfcc6c65d434834be4fd4bb4dce831') in 0.008073 seconds
  Import took 0.010722 seconds .

========================================================================
Received Import Request.
  Time since last request: 0.000215 seconds.
  path: Assets/FPS/Tutorials/BuildAndPublish/Walkthrough7-010.asset
  artifactKey: Guid(fcca6e4cbcfd27e49bf16a7c3a6eb019) Importer(815301076,1909f56bfc062723c751e8b465ee728b)
Start importing Assets/FPS/Tutorials/BuildAndPublish/Walkthrough7-010.asset using Guid(fcca6e4cbcfd27e49bf16a7c3a6eb019) Importer(815301076,1909f56bfc062723c751e8b465ee728b)  -> (artifact id: 'a77598ad84acd36923d6b3a7e8111fb3') in 0.009499 seconds
  Import took 0.012062 seconds .

========================================================================
Received Import Request.
  Time since last request: 0.000255 seconds.
  path: Assets/FPS/Tutorials/BuildAndPublish/header-completed.png
  artifactKey: Guid(f3cffb91162b24b428d0f2ab4831d5e7) Importer(815301076,1909f56bfc062723c751e8b465ee728b)
Start importing Assets/FPS/Tutorials/BuildAndPublish/header-completed.png using Guid(f3cffb91162b24b428d0f2ab4831d5e7) Importer(815301076,1909f56bfc062723c751e8b465ee728b)  -> (artifact id: '92877e949b1eb6ad2d0ce88249653207') in 0.007271 seconds
  Import took 0.010201 seconds .

========================================================================
Received Import Request.
  Time since last request: 0.000208 seconds.
  path: Assets/FPS/Tutorials/BuildAndPublish/Walkthrough7-005.asset
  artifactKey: Guid(2e886da6f6aba0f47b6241a2700a78b9) Importer(815301076,1909f56bfc062723c751e8b465ee728b)
Start importing Assets/FPS/Tutorials/BuildAndPublish/Walkthrough7-005.asset using Guid(2e886da6f6aba0f47b6241a2700a78b9) Importer(815301076,1909f56bfc062723c751e8b465ee728b)  -> (artifact id: '110333c381bcfdbd994dba9d7a6f121c') in 0.006488 seconds
  Import took 0.009045 seconds .

========================================================================
Received Import Request.
  Time since last request: 0.000266 seconds.
  path: Assets/FPS/Tutorials/BuildAndPublish/WT-Publish-Click.mov
  artifactKey: Guid(1e217e28d0252294f8db002b95c87209) Importer(815301076,1909f56bfc062723c751e8b465ee728b)
Start importing Assets/FPS/Tutorials/BuildAndPublish/WT-Publish-Click.mov using Guid(1e217e28d0252294f8db002b95c87209) Importer(815301076,1909f56bfc062723c751e8b465ee728b)  -> (artifact id: 'ad1f1aedd5322f58926d7441c8128275') in 0.004273 seconds
  Import took 0.006717 seconds .

========================================================================
Received Import Request.
  Time since last request: 0.000262 seconds.
  path: Assets/FPS/Tutorials/BuildAndPublish/Walkthrough7-015.asset
  artifactKey: Guid(daafa2d048ca372498d84eb1ff8a9a31) Importer(815301076,1909f56bfc062723c751e8b465ee728b)
Start importing Assets/FPS/Tutorials/BuildAndPublish/Walkthrough7-015.asset using Guid(daafa2d048ca372498d84eb1ff8a9a31) Importer(815301076,1909f56bfc062723c751e8b465ee728b)  -> (artifact id: 'c5025107be591cb0f945b1e39b728352') in 0.008738 seconds
  Import took 0.011799 seconds .

========================================================================
Received Import Request.
  Time since last request: 0.000250 seconds.
  path: Assets/FPS/Tutorials/BuildAndPublish/Walkthrough7-013.asset
  artifactKey: Guid(97f3ee3958d87894d8f23cc258f28f0e) Importer(815301076,1909f56bfc062723c751e8b465ee728b)
Start importing Assets/FPS/Tutorials/BuildAndPublish/Walkthrough7-013.asset using Guid(97f3ee3958d87894d8f23cc258f28f0e) Importer(815301076,1909f56bfc062723c751e8b465ee728b)  -> (artifact id: '2f9f044242ee3fdc6c31a096941f05d8') in 0.008355 seconds
  Import took 0.010894 seconds .

========================================================================
Received Import Request.
  Time since last request: 0.000239 seconds.
  path: Assets/FPS/Tutorials/BuildAndPublish/WT-Publish.png
  artifactKey: Guid(bbe7aeeb661974db4999246afffec8b3) Importer(815301076,1909f56bfc062723c751e8b465ee728b)
Start importing Assets/FPS/Tutorials/BuildAndPublish/WT-Publish.png using Guid(bbe7aeeb661974db4999246afffec8b3) Importer(815301076,1909f56bfc062723c751e8b465ee728b)  -> (artifact id: 'bbfccb8142521bb51efab51f57107c88') in 0.006948 seconds
  Import took 0.009392 seconds .

========================================================================
Received Import Request.
  Time since last request: 0.000239 seconds.
  path: Assets/FPS/Tutorials/BuildAndPublish/Walkthrough7-015.asset
  artifactKey: Guid(daafa2d048ca372498d84eb1ff8a9a31) Importer(815301076,1909f56bfc062723c751e8b465ee728b)
Start importing Assets/FPS/Tutorials/BuildAndPublish/Walkthrough7-015.asset using Guid(daafa2d048ca372498d84eb1ff8a9a31) Importer(815301076,1909f56bfc062723c751e8b465ee728b)  -> (artifact id: 'c5025107be591cb0f945b1e39b728352') in 0.008660 seconds
  Import took 0.011320 seconds .

========================================================================
Received Import Request.
  Time since last request: 0.000248 seconds.
  path: Assets/FPS/Tutorials/BuildAndPublish/WT-Open-Share-Window.mov
  artifactKey: Guid(5b7680371f1b34fe49c339038de4258f) Importer(815301076,1909f56bfc062723c751e8b465ee728b)
Start importing Assets/FPS/Tutorials/BuildAndPublish/WT-Open-Share-Window.mov using Guid(5b7680371f1b34fe49c339038de4258f) Importer(815301076,1909f56bfc062723c751e8b465ee728b)  -> (artifact id: '0982acb02f019785dc1e7dd3a192357e') in 0.003482 seconds
  Import took 0.005833 seconds .

========================================================================
Received Import Request.
  Time since last request: 0.000233 seconds.
  path: Assets/FPS/Tutorials/BuildAndPublish/WT-Create-Build-Click.mov
  artifactKey: Guid(662bbb629effd9c4bbf9fadf15b78224) Importer(815301076,1909f56bfc062723c751e8b465ee728b)
Start importing Assets/FPS/Tutorials/BuildAndPublish/WT-Create-Build-Click.mov using Guid(662bbb629effd9c4bbf9fadf15b78224) Importer(815301076,1909f56bfc062723c751e8b465ee728b)  -> (artifact id: '0255f6507ad6cf9c01a1546edc9b4b78') in 0.003681 seconds
  Import took 0.006930 seconds .

========================================================================
Received Import Request.
  Time since last request: 0.000204 seconds.
  path: Assets/FPS/Tutorials/BuildAndPublish/Walkthrough7-030.asset
  artifactKey: Guid(5ae42c0e96418ec46b613bb3c92bb7b3) Importer(815301076,1909f56bfc062723c751e8b465ee728b)
Start importing Assets/FPS/Tutorials/BuildAndPublish/Walkthrough7-030.asset using Guid(5ae42c0e96418ec46b613bb3c92bb7b3) Importer(815301076,1909f56bfc062723c751e8b465ee728b)  -> (artifact id: '894b6d21211cf9e17641d5897a8fb961') in 0.008463 seconds
  Import took 0.011731 seconds .

========================================================================
Received Import Request.
  Time since last request: 0.000231 seconds.
  path: Assets/FPS/Tutorials/BuildAndPublish/WT-Get-Started-Click.mov
  artifactKey: Guid(e9f4ef2422b80da4ea767e6d99be57c4) Importer(815301076,1909f56bfc062723c751e8b465ee728b)
Start importing Assets/FPS/Tutorials/BuildAndPublish/WT-Get-Started-Click.mov using Guid(e9f4ef2422b80da4ea767e6d99be57c4) Importer(815301076,1909f56bfc062723c751e8b465ee728b)  -> (artifact id: '01c8612afc6fb3d91f9a1e2c20b2cff5') in 0.003346 seconds
  Import took 0.005841 seconds .

========================================================================
Received Import Request.
  Time since last request: 0.000225 seconds.
  path: Assets/FPS/Tutorials/BuildAndPublish/WT-Create-Build-Click.mov
  artifactKey: Guid(662bbb629effd9c4bbf9fadf15b78224) Importer(815301076,1909f56bfc062723c751e8b465ee728b)
Start importing Assets/FPS/Tutorials/BuildAndPublish/WT-Create-Build-Click.mov using Guid(662bbb629effd9c4bbf9fadf15b78224) Importer(815301076,1909f56bfc062723c751e8b465ee728b)  -> (artifact id: '0255f6507ad6cf9c01a1546edc9b4b78') in 0.003139 seconds
  Import took 0.005599 seconds .

========================================================================
Received Import Request.
  Time since last request: 0.000237 seconds.
  path: Assets/FPS/Tutorials/BuildAndPublish/WT-Upload.png
  artifactKey: Guid(8397db88d32d5418e8ebc7e6bb6ccafc) Importer(815301076,1909f56bfc062723c751e8b465ee728b)
Start importing Assets/FPS/Tutorials/BuildAndPublish/WT-Upload.png using Guid(8397db88d32d5418e8ebc7e6bb6ccafc) Importer(815301076,1909f56bfc062723c751e8b465ee728b)  -> (artifact id: '1c238a3a11cc9156e9c6a9b00e07dfef') in 0.006996 seconds
  Import took 0.009732 seconds .

========================================================================
Received Import Request.
  Time since last request: 0.000233 seconds.
  path: Assets/FPS/Tutorials/BuildAndPublish/WT-Get-Started-Click.mov
  artifactKey: Guid(e9f4ef2422b80da4ea767e6d99be57c4) Importer(815301076,1909f56bfc062723c751e8b465ee728b)
Start importing Assets/FPS/Tutorials/BuildAndPublish/WT-Get-Started-Click.mov using Guid(e9f4ef2422b80da4ea767e6d99be57c4) Importer(815301076,1909f56bfc062723c751e8b465ee728b)  -> (artifact id: '01c8612afc6fb3d91f9a1e2c20b2cff5') in 0.003503 seconds
  Import took 0.006342 seconds .

========================================================================
Received Import Request.
  Time since last request: 0.010333 seconds.
  path: Assets/FPS/Tutorials/BuildAndPublish/WT-Upload.png
  artifactKey: Guid(8397db88d32d5418e8ebc7e6bb6ccafc) Importer(815301076,1909f56bfc062723c751e8b465ee728b)
Start importing Assets/FPS/Tutorials/BuildAndPublish/WT-Upload.png using Guid(8397db88d32d5418e8ebc7e6bb6ccafc) Importer(815301076,1909f56bfc062723c751e8b465ee728b)  -> (artifact id: '1c238a3a11cc9156e9c6a9b00e07dfef') in 0.005651 seconds
  Import took 0.008191 seconds .

========================================================================
Received Import Request.
  Time since last request: 11.596380 seconds.
  path: Assets/FPS/Tutorials/BuildAndPublish/Criteria
  artifactKey: Guid(efb2368ee8bed9140a42c2805613ed11) Importer(815301076,1909f56bfc062723c751e8b465ee728b)
Start importing Assets/FPS/Tutorials/BuildAndPublish/Criteria using Guid(efb2368ee8bed9140a42c2805613ed11) Importer(815301076,1909f56bfc062723c751e8b465ee728b)  -> (artifact id: '71cbf63410be96218e5cdbaf0b2d7a9a') in 0.005710 seconds
  Import took 0.009322 seconds .

========================================================================
Received Import Request.
  Time since last request: 0.081579 seconds.
  path: Assets/FPS/Tutorials/BuildAndPublish/Criteria/PublishCriteria.asset
  artifactKey: Guid(43f99256ccd065c47b41dc50b89eb706) Importer(815301076,1909f56bfc062723c751e8b465ee728b)
Start importing Assets/FPS/Tutorials/BuildAndPublish/Criteria/PublishCriteria.asset using Guid(43f99256ccd065c47b41dc50b89eb706) Importer(815301076,1909f56bfc062723c751e8b465ee728b)  -> (artifact id: '33d2872aa7f12817148abe3f73fc9d9f') in 0.005623 seconds
  Import took 0.008160 seconds .

========================================================================
Received Import Request.
  Time since last request: 0.000252 seconds.
  path: Assets/FPS/Tutorials/BuildAndPublish/Criteria/Unity.Microgame.Tutorials.asmdef
  artifactKey: Guid(91426e0839faeb34d86ad8835bdfb743) Importer(815301076,1909f56bfc062723c751e8b465ee728b)
Start importing Assets/FPS/Tutorials/BuildAndPublish/Criteria/Unity.Microgame.Tutorials.asmdef using Guid(91426e0839faeb34d86ad8835bdfb743) Importer(815301076,1909f56bfc062723c751e8b465ee728b)  -> (artifact id: 'b967101ac83d08b05256d6d8df28ce0f') in 0.003843 seconds
  Import took 0.006164 seconds .

========================================================================
Received Import Request.
  Time since last request: 39.626660 seconds.
  path: Assets/FPS/Scenes
  artifactKey: Guid(9c53962885c2c4f449125a979d6ad240) Importer(815301076,1909f56bfc062723c751e8b465ee728b)
Start importing Assets/FPS/Scenes using Guid(9c53962885c2c4f449125a979d6ad240) Importer(815301076,1909f56bfc062723c751e8b465ee728b)  -> (artifact id: 'bca03f75531af8e4828086bffcd8cc43') in 0.003974 seconds
  Import took 0.006507 seconds .

========================================================================
Received Import Request.
  Time since last request: 8.138984 seconds.
  path: Assets/FPS/Scenes/IntroMenu.unity
  artifactKey: Guid(56e3faabc5bb30f49a68bb8f1292f988) Importer(815301076,1909f56bfc062723c751e8b465ee728b)
Start importing Assets/FPS/Scenes/IntroMenu.unity using Guid(56e3faabc5bb30f49a68bb8f1292f988) Importer(815301076,1909f56bfc062723c751e8b465ee728b)  -> (artifact id: 'd5c4cc86abbaa9986e0a8e3bfdb8f97d') in 0.006426 seconds
  Import took 0.009385 seconds .

========================================================================
Received Import Request.
  Time since last request: 4.283591 seconds.
  path: Assets/FPS/Scenes/LoseScene.unity
  artifactKey: Guid(72e5c65a45893714484002914e3fd521) Importer(815301076,1909f56bfc062723c751e8b465ee728b)
Start importing Assets/FPS/Scenes/LoseScene.unity using Guid(72e5c65a45893714484002914e3fd521) Importer(815301076,1909f56bfc062723c751e8b465ee728b)  -> (artifact id: '1727ef9239dfbf9dc7e06dfb65ef4f91') in 0.005669 seconds
  Import took 0.008468 seconds .

========================================================================
Received Import Request.
  Time since last request: 0.001027 seconds.
  path: Assets/FPS/Scenes/LoseScene.unity
  artifactKey: Guid(72e5c65a45893714484002914e3fd521) Importer(815301076,1909f56bfc062723c751e8b465ee728b)
Start importing Assets/FPS/Scenes/LoseScene.unity using Guid(72e5c65a45893714484002914e3fd521) Importer(815301076,1909f56bfc062723c751e8b465ee728b)  -> (artifact id: '1727ef9239dfbf9dc7e06dfb65ef4f91') in 0.003914 seconds
  Import took 0.006396 seconds .

========================================================================
Received Import Request.
  Time since last request: 2.307785 seconds.
  path: Assets/FPS/Scenes/MainScene.unity
  artifactKey: Guid(d794a2ef8ba31d847ad3c19d03e2ddb9) Importer(815301076,1909f56bfc062723c751e8b465ee728b)
Start importing Assets/FPS/Scenes/MainScene.unity using Guid(d794a2ef8ba31d847ad3c19d03e2ddb9) Importer(815301076,1909f56bfc062723c751e8b465ee728b)  -> (artifact id: 'a1c80aaa6e6fc0eef03f43a5ec6d7eed') in 0.005109 seconds
  Import took 0.007955 seconds .

========================================================================
Received Import Request.
  Time since last request: 0.000877 seconds.
  path: Assets/FPS/Scenes/MainScene.unity
  artifactKey: Guid(d794a2ef8ba31d847ad3c19d03e2ddb9) Importer(815301076,1909f56bfc062723c751e8b465ee728b)
Start importing Assets/FPS/Scenes/MainScene.unity using Guid(d794a2ef8ba31d847ad3c19d03e2ddb9) Importer(815301076,1909f56bfc062723c751e8b465ee728b)  -> (artifact id: 'a1c80aaa6e6fc0eef03f43a5ec6d7eed') in 0.003431 seconds
  Import took 0.005946 seconds .

========================================================================
Received Import Request.
  Time since last request: 1.743177 seconds.
  path: Assets/FPS/Scenes/MainSceneSettings.lighting
  artifactKey: Guid(a37e164e6490648ec966f654d144932b) Importer(815301076,1909f56bfc062723c751e8b465ee728b)
Start importing Assets/FPS/Scenes/MainSceneSettings.lighting using Guid(a37e164e6490648ec966f654d144932b) Importer(815301076,1909f56bfc062723c751e8b465ee728b)  -> (artifact id: '72dba84b1662d3dc1c85a586daca738e') in 0.006199 seconds
  Import took 0.008776 seconds .

========================================================================
Received Import Request.
  Time since last request: 2.550063 seconds.
  path: Assets/FPS/Scenes/MainSceneSettings.lighting
  artifactKey: Guid(a37e164e6490648ec966f654d144932b) Importer(815301076,1909f56bfc062723c751e8b465ee728b)
Start importing Assets/FPS/Scenes/MainSceneSettings.lighting using Guid(a37e164e6490648ec966f654d144932b) Importer(815301076,1909f56bfc062723c751e8b465ee728b)  -> (artifact id: '72dba84b1662d3dc1c85a586daca738e') in 0.004814 seconds
  Import took 0.008956 seconds .

========================================================================
Received Import Request.
  Time since last request: 0.778297 seconds.
  path: Assets/FPS/Scenes/SecondaryScene.unity
  artifactKey: Guid(9fc0d4010bbf28b4594072e72b8655ab) Importer(815301076,1909f56bfc062723c751e8b465ee728b)
Start importing Assets/FPS/Scenes/SecondaryScene.unity using Guid(9fc0d4010bbf28b4594072e72b8655ab) Importer(815301076,1909f56bfc062723c751e8b465ee728b)  -> (artifact id: '3b4fa781d7d22e8566007e196ccca2db') in 0.005247 seconds
  Import took 0.008419 seconds .

========================================================================
Received Import Request.
  Time since last request: 3.778758 seconds.
  path: Assets/FPS/Scenes/WinScene.unity
  artifactKey: Guid(037d06fbede2b4041a843d9ee6fe750c) Importer(815301076,1909f56bfc062723c751e8b465ee728b)
Start importing Assets/FPS/Scenes/WinScene.unity using Guid(037d06fbede2b4041a843d9ee6fe750c) Importer(815301076,1909f56bfc062723c751e8b465ee728b)  -> (artifact id: '2a11220da80fac3b249d0fdb87118d12') in 0.005090 seconds
  Import took 0.007880 seconds .

========================================================================
Received Import Request.
  Time since last request: 2.704644 seconds.
  path: Assets/FPS/Scenes/MainScene
  artifactKey: Guid(1d9ed06e145631d47906ce2c79b84f8e) Importer(815301076,1909f56bfc062723c751e8b465ee728b)
Start importing Assets/FPS/Scenes/MainScene using Guid(1d9ed06e145631d47906ce2c79b84f8e) Importer(815301076,1909f56bfc062723c751e8b465ee728b)  -> (artifact id: 'edfaac7d6beb28ec299b9e4cc3747266') in 0.004025 seconds
  Import took 0.006520 seconds .

========================================================================
Received Prepare
Registering precompiled user dll's ...
Registered in 0.001896 seconds.
Begin MonoManager ReloadAssembly
Native extension for WindowsStandalone target not found
Refreshing native plugins compatible for Editor in 0.34 ms, found 0 plugins.
Preloading 0 native plugins for Editor in 0.00 ms.
Mono: successfully reloaded assembly
- Completed reload, in  0.759 seconds
Platform modules already initialized, skipping
Refreshing native plugins compatible for Editor in 0.33 ms, found 0 plugins.
Preloading 0 native plugins for Editor in 0.00 ms.
Unloading 1722 Unused Serialized files (Serialized files now loaded: 0)
System memory in use before: 155.4 MB.
System memory in use after: 155.5 MB.

Unloading 6 unused Assets to reduce memory usage. Loaded Objects now: 2227.
Total: 1.569500 ms (FindLiveObjects: 0.168300 ms CreateObjectMapping: 0.056800 ms MarkObjects: 1.283800 ms  DeleteObjects: 0.059900 ms)

AssetImportWorkerClient::OnTransportError - code=2 error=End of file
